Generated at 2025-04-06 11:39:09 +0000
Chef::Exceptions::FileNotFound: cookbook_file[users] (freeradius::config line 32) had an error: Chef::Exceptions::FileNotFound: Cookbook 'freeradius' (0.1.0) does not contain a file at any of these locations:
  files/host-08c7304dd22a/users
  files/ubuntu-22.04/users
  files/ubuntu/users
  files/default/users
  files/users

This cookbook _does_ contain: ['files/README.md','files/radiusd.conf']
/opt/cinc-workstation/embedded/lib/ruby/gems/3.1.0/gems/chef-18.6.2/lib/chef/cookbook_version.rb:298:in `preferred_manifest_record'
/opt/cinc-workstation/embedded/lib/ruby/gems/3.1.0/gems/chef-18.6.2/lib/chef/cookbook_version.rb:306:in `preferred_filename_on_disk_location'
/opt/cinc-workstation/embedded/lib/ruby/gems/3.1.0/gems/chef-18.6.2/lib/chef/provider/cookbook_file/content.rb:31:in `file_for_provider'
/opt/cinc-workstation/embedded/lib/ruby/gems/3.1.0/gems/chef-18.6.2/lib/chef/file_content_management/content_base.rb:42:in `tempfile'
/opt/cinc-workstation/embedded/lib/ruby/gems/3.1.0/gems/chef-18.6.2/lib/chef/provider/file.rb:457:in `tempfile'
/opt/cinc-workstation/embedded/lib/ruby/gems/3.1.0/gems/chef-18.6.2/lib/chef/provider/file.rb:331:in `do_generate_content'
/opt/cinc-workstation/embedded/lib/ruby/gems/3.1.0/gems/chef-18.6.2/lib/chef/provider/file.rb:143:in `block in <class:File>'
(eval):2:in `block in action_create'
/opt/cinc-workstation/embedded/lib/ruby/gems/3.1.0/gems/chef-18.6.2/lib/chef/provider.rb:304:in `instance_eval'
/opt/cinc-workstation/embedded/lib/ruby/gems/3.1.0/gems/chef-18.6.2/lib/chef/provider.rb:304:in `compile_and_converge_action'
(eval):2:in `action_create'
/opt/cinc-workstation/embedded/lib/ruby/gems/3.1.0/gems/chef-18.6.2/lib/chef/provider.rb:245:in `run_action'
/opt/cinc-workstation/embedded/lib/ruby/gems/3.1.0/gems/chef-18.6.2/lib/chef/resource.rb:601:in `block in run_action'
/opt/cinc-workstation/embedded/lib/ruby/gems/3.1.0/gems/chef-18.6.2/lib/chef/resource.rb:628:in `with_umask'
/opt/cinc-workstation/embedded/lib/ruby/gems/3.1.0/gems/chef-18.6.2/lib/chef/resource.rb:600:in `run_action'
/opt/cinc-workstation/embedded/lib/ruby/gems/3.1.0/gems/chef-18.6.2/lib/chef/runner.rb:74:in `run_action'
/opt/cinc-workstation/embedded/lib/ruby/gems/3.1.0/gems/chef-18.6.2/lib/chef/runner.rb:108:in `block in run_all_actions'
/opt/cinc-workstation/embedded/lib/ruby/gems/3.1.0/gems/chef-18.6.2/lib/chef/runner.rb:108:in `each'
/opt/cinc-workstation/embedded/lib/ruby/gems/3.1.0/gems/chef-18.6.2/lib/chef/runner.rb:108:in `run_all_actions'
/opt/cinc-workstation/embedded/lib/ruby/gems/3.1.0/gems/chef-18.6.2/lib/chef/runner.rb:132:in `block in converge'
/opt/cinc-workstation/embedded/lib/ruby/gems/3.1.0/gems/chef-18.6.2/lib/chef/resource_collection/resource_list.rb:96:in `block in execute_each_resource'
/opt/cinc-workstation/embedded/lib/ruby/gems/3.1.0/gems/chef-18.6.2/lib/chef/resource_collection/stepable_iterator.rb:114:in `call_iterator_block'
/opt/cinc-workstation/embedded/lib/ruby/gems/3.1.0/gems/chef-18.6.2/lib/chef/resource_collection/stepable_iterator.rb:85:in `step'
/opt/cinc-workstation/embedded/lib/ruby/gems/3.1.0/gems/chef-18.6.2/lib/chef/resource_collection/stepable_iterator.rb:103:in `iterate'
/opt/cinc-workstation/embedded/lib/ruby/gems/3.1.0/gems/chef-18.6.2/lib/chef/resource_collection/stepable_iterator.rb:54:in `each_with_index'
/opt/cinc-workstation/embedded/lib/ruby/gems/3.1.0/gems/chef-18.6.2/lib/chef/resource_collection/resource_list.rb:94:in `execute_each_resource'
/opt/cinc-workstation/embedded/lib/ruby/3.1.0/forwardable.rb:238:in `execute_each_resource'
/opt/cinc-workstation/embedded/lib/ruby/gems/3.1.0/gems/chef-18.6.2/lib/chef/runner.rb:130:in `converge'
/opt/cinc-workstation/embedded/lib/ruby/gems/3.1.0/gems/chef-18.6.2/lib/chef/client.rb:854:in `block in converge'
/opt/cinc-workstation/embedded/lib/ruby/gems/3.1.0/gems/chef-18.6.2/lib/chef/client.rb:849:in `catch'
/opt/cinc-workstation/embedded/lib/ruby/gems/3.1.0/gems/chef-18.6.2/lib/chef/client.rb:849:in `converge'
/opt/cinc-workstation/embedded/lib/ruby/gems/3.1.0/gems/chef-18.6.2/lib/chef/client.rb:873:in `converge_and_save'
/opt/cinc-workstation/embedded/lib/ruby/gems/3.1.0/gems/chef-18.6.2/lib/chef/client.rb:298:in `run'
/opt/cinc-workstation/embedded/lib/ruby/gems/3.1.0/gems/chef-18.6.2/lib/chef/application.rb:305:in `run_with_graceful_exit_option'
/opt/cinc-workstation/embedded/lib/ruby/gems/3.1.0/gems/chef-18.6.2/lib/chef/application.rb:281:in `block in run_chef_client'
/opt/cinc-workstation/embedded/lib/ruby/gems/3.1.0/gems/chef-18.6.2/lib/chef/local_mode.rb:42:in `with_server_connectivity'
/opt/cinc-workstation/embedded/lib/ruby/gems/3.1.0/gems/chef-18.6.2/lib/chef/application.rb:264:in `run_chef_client'
/opt/cinc-workstation/embedded/lib/ruby/gems/3.1.0/gems/chef-18.6.2/lib/chef/application/base.rb:354:in `run_application'
/opt/cinc-workstation/embedded/lib/ruby/gems/3.1.0/gems/chef-18.6.2/lib/chef/application.rb:67:in `run'
/opt/cinc-workstation/embedded/lib/ruby/gems/3.1.0/gems/chef-bin-18.6.2/bin/cinc-client:25:in `<top (required)>'
/opt/cinc-workstation/bin/cinc-client:439:in `load'
/opt/cinc-workstation/bin/cinc-client:439:in `<main>'

>>>> Caused by Chef::Exceptions::FileNotFound: Cookbook 'freeradius' (0.1.0) does not contain a file at any of these locations:
  files/host-08c7304dd22a/users
  files/ubuntu-22.04/users
  files/ubuntu/users
  files/default/users
  files/users

This cookbook _does_ contain: ['files/README.md','files/radiusd.conf']
/opt/cinc-workstation/embedded/lib/ruby/gems/3.1.0/gems/chef-18.6.2/lib/chef/cookbook_version.rb:298:in `preferred_manifest_record'
/opt/cinc-workstation/embedded/lib/ruby/gems/3.1.0/gems/chef-18.6.2/lib/chef/cookbook_version.rb:306:in `preferred_filename_on_disk_location'
/opt/cinc-workstation/embedded/lib/ruby/gems/3.1.0/gems/chef-18.6.2/lib/chef/provider/cookbook_file/content.rb:31:in `file_for_provider'
/opt/cinc-workstation/embedded/lib/ruby/gems/3.1.0/gems/chef-18.6.2/lib/chef/file_content_management/content_base.rb:42:in `tempfile'
/opt/cinc-workstation/embedded/lib/ruby/gems/3.1.0/gems/chef-18.6.2/lib/chef/provider/file.rb:457:in `tempfile'
/opt/cinc-workstation/embedded/lib/ruby/gems/3.1.0/gems/chef-18.6.2/lib/chef/provider/file.rb:331:in `do_generate_content'
/opt/cinc-workstation/embedded/lib/ruby/gems/3.1.0/gems/chef-18.6.2/lib/chef/provider/file.rb:143:in `block in <class:File>'
(eval):2:in `block in action_create'
/opt/cinc-workstation/embedded/lib/ruby/gems/3.1.0/gems/chef-18.6.2/lib/chef/provider.rb:304:in `instance_eval'
/opt/cinc-workstation/embedded/lib/ruby/gems/3.1.0/gems/chef-18.6.2/lib/chef/provider.rb:304:in `compile_and_converge_action'
(eval):2:in `action_create'
/opt/cinc-workstation/embedded/lib/ruby/gems/3.1.0/gems/chef-18.6.2/lib/chef/provider.rb:245:in `run_action'
/opt/cinc-workstation/embedded/lib/ruby/gems/3.1.0/gems/chef-18.6.2/lib/chef/resource.rb:601:in `block in run_action'
/opt/cinc-workstation/embedded/lib/ruby/gems/3.1.0/gems/chef-18.6.2/lib/chef/resource.rb:628:in `with_umask'
/opt/cinc-workstation/embedded/lib/ruby/gems/3.1.0/gems/chef-18.6.2/lib/chef/resource.rb:600:in `run_action'
/opt/cinc-workstation/embedded/lib/ruby/gems/3.1.0/gems/chef-18.6.2/lib/chef/runner.rb:74:in `run_action'
/opt/cinc-workstation/embedded/lib/ruby/gems/3.1.0/gems/chef-18.6.2/lib/chef/runner.rb:108:in `block in run_all_actions'
/opt/cinc-workstation/embedded/lib/ruby/gems/3.1.0/gems/chef-18.6.2/lib/chef/runner.rb:108:in `each'
/opt/cinc-workstation/embedded/lib/ruby/gems/3.1.0/gems/chef-18.6.2/lib/chef/runner.rb:108:in `run_all_actions'
/opt/cinc-workstation/embedded/lib/ruby/gems/3.1.0/gems/chef-18.6.2/lib/chef/runner.rb:132:in `block in converge'
/opt/cinc-workstation/embedded/lib/ruby/gems/3.1.0/gems/chef-18.6.2/lib/chef/resource_collection/resource_list.rb:96:in `block in execute_each_resource'
/opt/cinc-workstation/embedded/lib/ruby/gems/3.1.0/gems/chef-18.6.2/lib/chef/resource_collection/stepable_iterator.rb:114:in `call_iterator_block'
/opt/cinc-workstation/embedded/lib/ruby/gems/3.1.0/gems/chef-18.6.2/lib/chef/resource_collection/stepable_iterator.rb:85:in `step'
/opt/cinc-workstation/embedded/lib/ruby/gems/3.1.0/gems/chef-18.6.2/lib/chef/resource_collection/stepable_iterator.rb:103:in `iterate'
/opt/cinc-workstation/embedded/lib/ruby/gems/3.1.0/gems/chef-18.6.2/lib/chef/resource_collection/stepable_iterator.rb:54:in `each_with_index'
/opt/cinc-workstation/embedded/lib/ruby/gems/3.1.0/gems/chef-18.6.2/lib/chef/resource_collection/resource_list.rb:94:in `execute_each_resource'
/opt/cinc-workstation/embedded/lib/ruby/3.1.0/forwardable.rb:238:in `execute_each_resource'
/opt/cinc-workstation/embedded/lib/ruby/gems/3.1.0/gems/chef-18.6.2/lib/chef/runner.rb:130:in `converge'
/opt/cinc-workstation/embedded/lib/ruby/gems/3.1.0/gems/chef-18.6.2/lib/chef/client.rb:854:in `block in converge'
/opt/cinc-workstation/embedded/lib/ruby/gems/3.1.0/gems/chef-18.6.2/lib/chef/client.rb:849:in `catch'
/opt/cinc-workstation/embedded/lib/ruby/gems/3.1.0/gems/chef-18.6.2/lib/chef/client.rb:849:in `converge'
/opt/cinc-workstation/embedded/lib/ruby/gems/3.1.0/gems/chef-18.6.2/lib/chef/client.rb:873:in `converge_and_save'
/opt/cinc-workstation/embedded/lib/ruby/gems/3.1.0/gems/chef-18.6.2/lib/chef/client.rb:298:in `run'
/opt/cinc-workstation/embedded/lib/ruby/gems/3.1.0/gems/chef-18.6.2/lib/chef/application.rb:305:in `run_with_graceful_exit_option'
/opt/cinc-workstation/embedded/lib/ruby/gems/3.1.0/gems/chef-18.6.2/lib/chef/application.rb:281:in `block in run_chef_client'
/opt/cinc-workstation/embedded/lib/ruby/gems/3.1.0/gems/chef-18.6.2/lib/chef/local_mode.rb:42:in `with_server_connectivity'
/opt/cinc-workstation/embedded/lib/ruby/gems/3.1.0/gems/chef-18.6.2/lib/chef/application.rb:264:in `run_chef_client'
/opt/cinc-workstation/embedded/lib/ruby/gems/3.1.0/gems/chef-18.6.2/lib/chef/application/base.rb:354:in `run_application'
/opt/cinc-workstation/embedded/lib/ruby/gems/3.1.0/gems/chef-18.6.2/lib/chef/application.rb:67:in `run'
/opt/cinc-workstation/embedded/lib/ruby/gems/3.1.0/gems/chef-bin-18.6.2/bin/cinc-client:25:in `<top (required)>'
/opt/cinc-workstation/bin/cinc-client:439:in `load'
/opt/cinc-workstation/bin/cinc-client:439:in `<main>'